<?xml version="1.0" encoding="UTF-8"?>
<!-- Generated by org.testng.reporters.JUnitXMLReporter -->
<testsuite hostname="Hareesh1" name="Default test" tests="2" failures="0" timestamp="25 Nov 2014 11:00:19 GMT" time="0.011" errors="0">
  <testcase name="@BeforeSuite setUp" time="0.0" classname="com.jopari.testscript.testscripts.TimeSheetHome">
    <failure type="java.lang.NullPointerException">
      <![CDATA[java.lang.NullPointerException
	at java.util.Hashtable.put(Unknown Source)
	at java.util.Properties.setProperty(Unknown Source)
	at java.lang.System.setProperty(Unknown Source)
	at com.jopari.automation.selenium.test.BaseTestCase.setUp(BaseTestCase.java:74)
	at sun.reflect.NativeMethodAccessorImpl.invoke0(Native Method)
	at sun.reflect.NativeMethodAccessorImpl.invoke(Unknown Source)
	at sun.reflect.DelegatingMethodAccessorImpl.invoke(Unknown Source)
	at java.lang.reflect.Method.invoke(Unknown Source)
	at org.testng.internal.MethodInvocationHelper.invokeMethod(MethodInvocationHelper.java:84)
	at org.testng.internal.Invoker.invokeConfigurationMethod(Invoker.java:564)
	at org.testng.internal.Invoker.invokeConfigurations(Invoker.java:213)
	at org.testng.internal.Invoker.invokeConfigurations(Invoker.java:138)
	at org.testng.SuiteRunner.privateRun(SuiteRunner.java:277)
	at org.testng.SuiteRunner.run(SuiteRunner.java:240)
	at org.testng.SuiteRunnerWorker.runSuite(SuiteRunnerWorker.java:52)
	at org.testng.SuiteRunnerWorker.run(SuiteRunnerWorker.java:86)
	at org.testng.TestNG.runSuitesSequentially(TestNG.java:1224)
	at org.testng.TestNG.runSuitesLocally(TestNG.java:1149)
	at org.testng.TestNG.run(TestNG.java:1057)
	at org.testng.remote.RemoteTestNG.run(RemoteTestNG.java:111)
	at org.testng.remote.RemoteTestNG.initAndRun(RemoteTestNG.java:204)
	at org.testng.remote.RemoteTestNG.main(RemoteTestNG.java:175)
]]>
    </failure>
  </testcase> <!-- @BeforeSuite setUp -->
  <testcase name="@BeforeTest login" time="0.0" classname="com.jopari.testscript.testscripts.TimeSheetHome">
    <skipped/>
  </testcase> <!-- @BeforeTest login -->
  <testcase name="@BeforeClass getSelenium" time="0.0" classname="com.jopari.testscript.testscripts.TimeSheetHome">
    <skipped/>
  </testcase> <!-- @BeforeClass getSelenium -->
  <testcase name="@BeforeMethod setTestContext" time="0.0" classname="com.jopari.testscript.testscripts.TimeSheetHome">
    <skipped/>
  </testcase> <!-- @BeforeMethod setTestContext -->
  <testcase name="@BeforeMethod setTestContext" time="0.0" classname="com.jopari.testscript.testscripts.TimeSheetHome">
    <skipped/>
  </testcase> <!-- @BeforeMethod setTestContext -->
  <testcase name="isSelectedYearpresentYear" time="0.0" classname="com.jopari.testscript.testscripts.TimeSheetHome">
    <skipped/>
  </testcase> <!-- isSelectedYearpresentYear -->
  <testcase name="show" time="0.0" classname="com.jopari.testscript.testscripts.TimeSheetHome">
    <skipped/>
  </testcase> <!-- show -->
</testsuite> <!-- Default test -->
