<?xml version="1.0" encoding="UTF-8" ?>
<testsuite tests="36" failures="0" name="TestSuite" time="0.04" errors="0" skipped="0">
  <properties>
[...]
</properties>
  <testcase classname="com.jopari.automation.util.calendar.CalendarUtilsTest" name="testFormatDate" time="0.008"/>
  <testcase classname="com.jopari.automation.util.calendar.CalendarUtilsTest" name="testGetCurrentTime" time="0.006"/>
  <testcase classname="com.jopari.automation.util.calendar.CalendarUtilsTest" name="testGetCurrentTimeInKnownFormat" time="0"/>
  <testcase classname="com.jopari.automation.util.calendar.CalendarUtilsTest" name="testGetDate" time="0"/>
  <testcase classname="com.jopari.automation.util.calendar.CalendarUtilsTest" name="testGetDateFromFormat" time="0.002"/>
  <testcase classname="com.jopari.automation.util.calendar.CalendarUtilsTest" name="testGetDateInNewFormat" time="0.001"/>
  <testcase classname="com.jopari.automation.util.calendar.CalendarUtilsTest" name="testGetDayNumOfMonth" time="0"/>
  <testcase classname="com.jopari.automation.util.calendar.CalendarUtilsTest" name="testGetDayOfMonth" time="0"/>
  <testcase classname="com.jopari.automation.util.calendar.CalendarUtilsTest" name="testGetDayOfWeek" time="0"/>
  <testcase classname="com.jopari.automation.util.calendar.CalendarUtilsTest" name="testGetHoursOfDay" time="0"/>
  <testcase classname="com.jopari.automation.util.calendar.CalendarUtilsTest" name="testGetMinutes" time="0"/>
  <testcase classname="com.jopari.automation.util.calendar.CalendarUtilsTest" name="testGetMonthName" time="0"/>
  <testcase classname="com.jopari.automation.util.calendar.CalendarUtilsTest" name="testGetMonthNum" time="0"/>
  <testcase classname="com.jopari.automation.util.calendar.CalendarUtilsTest" name="testGetSeconds" time="0"/>
  <testcase classname="com.jopari.automation.util.calendar.CalendarUtilsTest" name="testGetYearNum" time="0"/>
  <testcase classname="com.jopari.automation.util.calendar.CalendarUtilsTest" name="testadd" time="0"/>
  <testcase classname="com.jopari.automation.util.calendar.CalendarUtilsTest" name="testaddDay" time="0"/>
  <testcase classname="com.jopari.automation.util.calendar.CalendarUtilsTest" name="testaddHour" time="0.001"/>
  <testcase classname="com.jopari.automation.util.calendar.CalendarUtilsTest" name="testaddMinutes" time="0"/>
  <testcase classname="com.jopari.automation.util.calendar.CalendarUtilsTest" name="testaddMonth" time="0"/>
  <testcase classname="com.jopari.automation.util.calendar.CalendarUtilsTest" name="testaddSeconds" time="0"/>
  <testcase classname="com.jopari.automation.util.calendar.CalendarUtilsTest" name="testaddYear" time="0"/>
  <testcase classname="com.jopari.automation.util.io.ExcelReaderTest" name="testGetColumnCount" time="0"/>
  <testcase classname="com.jopari.automation.util.io.ExcelReaderTest" name="testGetHeader" time="0"/>
  <testcase classname="com.jopari.automation.util.io.ExcelReaderTest" name="testGetNumValue" time="0.002"/>
  <testcase classname="com.jopari.automation.util.io.ExcelReaderTest" name="testGetRow" time="0.007"/>
  <testcase classname="com.jopari.automation.util.io.ExcelReaderTest" name="testGetRowCount" time="0"/>
  <testcase classname="com.jopari.automation.util.io.ExcelReaderTest" name="testGetValue" time="0"/>
  <testcase classname="com.jopari.automation.util.io.ExcelReaderTest" name="testGetValueString" time="0.001"/>
  <testcase classname="com.jopari.automation.util.io.ExcelReaderTest" name="testGetValues" time="0.001"/>
  <testcase classname="com.jopari.automation.util.io.IOUtiltitesTest" name="testBlankSpace" time="0.001"/>
  <testcase classname="com.jopari.automation.util.io.IOUtiltitesTest" name="testCreateDirectory" time="0.001"/>
  <testcase classname="com.jopari.automation.util.io.IOUtiltitesTest" name="testReadTextLinesInFile" time="0"/>
  <testcase classname="com.jopari.automation.util.io.IOUtiltitesTest" name="testSpecialCharacter" time="0"/>
  <testcase classname="com.jopari.automation.webdriver.util.WebDriverUtilTest" name="testSort" time="0.005"/>
  <testcase classname="com.jopari.automation.webdriver.util.WindowHelperTest" name="testIsAlphaNumeric" time="0.004"/>
</testsuite>