<?xml version="1.0" encoding="UTF-8"?>
<!-- Generated by org.testng.reporters.JUnitXMLReporter -->
<testsuite hostname="Hareesh1" name="Command line test" tests="36" failures="0" timestamp="25 Nov 2014 08:01:42 GMT" time="0.056" errors="0">
  <testcase name="testFormatDate" time="0.008" classname="com.jopari.automation.util.calendar.CalendarUtilsTest"/>
  <testcase name="testGetCurrentTime" time="0.007" classname="com.jopari.automation.util.calendar.CalendarUtilsTest"/>
  <testcase name="testGetCurrentTimeInKnownFormat" time="0.0" classname="com.jopari.automation.util.calendar.CalendarUtilsTest"/>
  <testcase name="testGetDate" time="0.001" classname="com.jopari.automation.util.calendar.CalendarUtilsTest"/>
  <testcase name="testGetDateFromFormat" time="0.002" classname="com.jopari.automation.util.calendar.CalendarUtilsTest"/>
  <testcase name="testGetDateInNewFormat" time="0.001" classname="com.jopari.automation.util.calendar.CalendarUtilsTest"/>
  <testcase name="testGetDayNumOfMonth" time="0.0" classname="com.jopari.automation.util.calendar.CalendarUtilsTest"/>
  <testcase name="testGetDayOfMonth" time="0.0" classname="com.jopari.automation.util.calendar.CalendarUtilsTest"/>
  <testcase name="testGetDayOfWeek" time="0.0" classname="com.jopari.automation.util.calendar.CalendarUtilsTest"/>
  <testcase name="testGetHoursOfDay" time="0.001" classname="com.jopari.automation.util.calendar.CalendarUtilsTest"/>
  <testcase name="testGetMinutes" time="0.0" classname="com.jopari.automation.util.calendar.CalendarUtilsTest"/>
  <testcase name="testGetMonthName" time="0.0" classname="com.jopari.automation.util.calendar.CalendarUtilsTest"/>
  <testcase name="testGetMonthNum" time="0.0" classname="com.jopari.automation.util.calendar.CalendarUtilsTest"/>
  <testcase name="testGetSeconds" time="0.001" classname="com.jopari.automation.util.calendar.CalendarUtilsTest"/>
  <testcase name="testGetYearNum" time="0.0" classname="com.jopari.automation.util.calendar.CalendarUtilsTest"/>
  <testcase name="testadd" time="0.0" classname="com.jopari.automation.util.calendar.CalendarUtilsTest"/>
  <testcase name="testaddDay" time="0.0" classname="com.jopari.automation.util.calendar.CalendarUtilsTest"/>
  <testcase name="testaddHour" time="0.0" classname="com.jopari.automation.util.calendar.CalendarUtilsTest"/>
  <testcase name="testaddMinutes" time="0.0" classname="com.jopari.automation.util.calendar.CalendarUtilsTest"/>
  <testcase name="testaddMonth" time="0.0" classname="com.jopari.automation.util.calendar.CalendarUtilsTest"/>
  <testcase name="testaddSeconds" time="0.0" classname="com.jopari.automation.util.calendar.CalendarUtilsTest"/>
  <testcase name="testaddYear" time="0.0" classname="com.jopari.automation.util.calendar.CalendarUtilsTest"/>
  <testcase name="testGetColumnCount" time="0.001" classname="com.jopari.automation.util.io.ExcelReaderTest"/>
  <testcase name="testGetHeader" time="0.0" classname="com.jopari.automation.util.io.ExcelReaderTest"/>
  <testcase name="testGetNumValue" time="0.002" classname="com.jopari.automation.util.io.ExcelReaderTest"/>
  <testcase name="testGetRow" time="0.007" classname="com.jopari.automation.util.io.ExcelReaderTest"/>
  <testcase name="testGetRowCount" time="0.0" classname="com.jopari.automation.util.io.ExcelReaderTest"/>
  <testcase name="testGetValue" time="0.0" classname="com.jopari.automation.util.io.ExcelReaderTest"/>
  <testcase name="testGetValueString" time="0.0" classname="com.jopari.automation.util.io.ExcelReaderTest"/>
  <testcase name="testGetValues" time="0.001" classname="com.jopari.automation.util.io.ExcelReaderTest"/>
  <testcase name="testBlankSpace" time="0.001" classname="com.jopari.automation.util.io.IOUtiltitesTest"/>
  <testcase name="testCreateDirectory" time="0.001" classname="com.jopari.automation.util.io.IOUtiltitesTest"/>
  <testcase name="testReadTextLinesInFile" time="0.001" classname="com.jopari.automation.util.io.IOUtiltitesTest"/>
  <testcase name="testSpecialCharacter" time="0.0" classname="com.jopari.automation.util.io.IOUtiltitesTest"/>
  <testcase name="testSort" time="0.006" classname="com.jopari.automation.webdriver.util.WebDriverUtilTest"/>
  <testcase name="testIsAlphaNumeric" time="0.004" classname="com.jopari.automation.webdriver.util.WindowHelperTest"/>
</testsuite> <!-- Command line test -->
